<?xml version="1.0" encoding="UTF-8" ?>
<testsuite tests="4" failures="0" name="com.sg.jdbctcomplexexample.dao.EmployeeDaoDBTest" time="0.389" errors="0" skipped="0">
  <properties>
[...]
</properties>
  <testcase classname="com.sg.jdbctcomplexexample.dao.EmployeeDaoDBTest" name="testDeleteEmployee" time="0.321"/>
  <testcase classname="com.sg.jdbctcomplexexample.dao.EmployeeDaoDBTest" name="testAddGetEmployee" time="0.018"/>
  <testcase classname="com.sg.jdbctcomplexexample.dao.EmployeeDaoDBTest" name="testUpdateEmployee" time="0.035"/>
  <testcase classname="com.sg.jdbctcomplexexample.dao.EmployeeDaoDBTest" name="testGetAllEmployees" time="0.015"/>
</testsuite>